{"total": {"lines":{"total":79,"covered":75,"skipped":0,"pct":94.93},"statements":{"total":79,"covered":75,"skipped":0,"pct":94.93},"functions":{"total":6,"covered":6,"skipped":0,"pct":100},"branches":{"total":40,"covered":32,"skipped":0,"pct":80},"branchesTrue":{"total":0,"covered":0,"skipped":0,"pct":"Unknown"}}
,"/home/runner/work/Module-Structuring-and-Testing-Data/Module-Structuring-and-Testing-Data/Sprint-3/1-implement-and-rewrite-tests/implement/1-get-angle-type.js": {"lines":{"total":22,"covered":22,"skipped":0,"pct":100},"functions":{"total":2,"covered":2,"skipped":0,"pct":100},"statements":{"total":22,"covered":22,"skipped":0,"pct":100},"branches":{"total":14,"covered":13,"skipped":0,"pct":92.85}}
,"/home/runner/work/Module-Structuring-and-Testing-Data/Module-Structuring-and-Testing-Data/Sprint-3/1-implement-and-rewrite-tests/implement/2-is-proper-fraction.js": {"lines":{"total":28,"covered":24,"skipped":0,"pct":85.71},"functions":{"total":2,"covered":2,"skipped":0,"pct":100},"statements":{"total":28,"covered":24,"skipped":0,"pct":85.71},"branches":{"total":10,"covered":3,"skipped":0,"pct":30}}
,"/home/runner/work/Module-Structuring-and-Testing-Data/Module-Structuring-and-Testing-Data/Sprint-3/1-implement-and-rewrite-tests/implement/3-get-card-value.js": {"lines":{"total":29,"covered":29,"skipped":0,"pct":100},"functions":{"total":2,"covered":2,"skipped":0,"pct":100},"statements":{"total":29,"covered":29,"skipped":0,"pct":100},"branches":{"total":16,"covered":16,"skipped":0,"pct":100}}
}
