TN:
SF:Sprint-3/1-implement-and-rewrite-tests/implement/1-get-angle-type.js
FN:10,getAngleType
FN:37,assertEquals
FNF:2
FNH:2
FNDA:10,getAngleType
FNDA:5,assertEquals
DA:11,10
DA:12,2
DA:15,8
DA:16,2
DA:19,6
DA:20,2
DA:22,4
DA:23,2
DA:25,2
DA:26,2
DA:33,1
DA:38,5
DA:53,1
DA:54,1
DA:59,1
DA:60,1
DA:65,1
DA:66,1
DA:73,1
DA:74,1
DA:80,1
DA:81,1
LF:22
LH:22
BRDA:11,0,0,2
BRDA:11,0,1,8
BRDA:15,1,0,2
BRDA:15,1,1,6
BRDA:19,2,0,2
BRDA:19,2,1,4
BRDA:19,3,0,6
BRDA:19,3,1,6
BRDA:22,4,0,2
BRDA:22,4,1,2
BRDA:25,5,0,2
BRDA:25,5,1,0
BRDA:25,6,0,2
BRDA:25,6,1,2
BRF:14
BRH:13
end_of_record
TN:
SF:Sprint-3/1-implement-and-rewrite-tests/implement/2-is-proper-fraction.js
FN:10,isProperFraction
FN:30,assertEquals
FNF:2
FNH:2
FNDA:16,isProperFraction
FNDA:9,assertEquals
DA:11,16
DA:12,9
DA:14,7
DA:15,7
DA:17,0
DA:18,0
DA:20,0
DA:21,0
DA:27,1
DA:31,9
DA:43,1
DA:44,1
DA:50,1
DA:51,1
DA:57,1
DA:59,1
DA:64,1
DA:66,1
DA:73,1
DA:75,1
DA:80,1
DA:82,1
DA:87,1
DA:89,1
DA:94,1
DA:96,1
DA:101,1
DA:103,1
LF:28
LH:24
BRDA:11,0,0,9
BRDA:11,0,1,7
BRDA:14,1,0,7
BRDA:14,1,1,0
BRDA:17,2,0,0
BRDA:17,2,1,0
BRDA:17,3,0,0
BRDA:17,3,1,0
BRDA:20,4,0,0
BRDA:20,4,1,0
BRF:10
BRH:3
end_of_record
TN:
SF:Sprint-3/1-implement-and-rewrite-tests/implement/3-get-card-value.js
FN:10,getCardValue
FN:46,assertEquals
FNF:2
FNH:2
FNDA:23,getCardValue
FNDA:9,assertEquals
DA:11,23
DA:12,23
DA:13,23
DA:14,4
DA:16,19
DA:25,3
DA:30,6
DA:32,6
DA:34,4
DA:41,1
DA:47,9
DA:57,1
DA:58,1
DA:64,1
DA:66,1
DA:71,1
DA:72,1
DA:74,1
DA:75,1
DA:81,1
DA:82,1
DA:88,1
DA:89,1
DA:91,1
DA:92,1
DA:94,1
DA:95,1
DA:97,1
DA:98,1
LF:29
LH:29
BRDA:13,0,0,4
BRDA:13,0,1,19
BRDA:16,1,0,1
BRDA:16,1,1,1
BRDA:16,1,2,1
BRDA:16,1,3,3
BRDA:16,1,4,3
BRDA:16,1,5,3
BRDA:16,1,6,3
BRDA:16,1,7,3
BRDA:16,1,8,2
BRDA:16,1,9,3
BRDA:16,1,10,4
BRDA:16,1,11,6
BRDA:16,1,12,6
BRDA:16,1,13,4
BRF:16
BRH:16
end_of_record
